<?xml version="1.0" encoding="UTF-8"?>
<!-- Generated by org.testng.reporters.JUnitReportReporter -->
<testsuite skipped="0" hostname="DESKTOP-2JV4QRQ" name="com.demo.api.cucumber.stepsDefinition.CommonRunner" tests="5" failures="0" timestamp="2023-05-10T22:07:59 IST" time="9.988" errors="0">
  <testcase name="runScenario" time="4.125" classname="com.demo.api.cucumber.stepsDefinition.CommonRunner"/>
  <system-out/>
  <testcase name="runScenario" time="1.032" classname="com.demo.api.cucumber.stepsDefinition.CommonRunner"/>
  <system-out/>
  <testcase name="runScenario" time="1.803" classname="com.demo.api.cucumber.stepsDefinition.CommonRunner"/>
  <system-out/>
  <testcase name="runScenario" time="1.250" classname="com.demo.api.cucumber.stepsDefinition.CommonRunner"/>
  <system-out/>
  <testcase name="runScenario" time="1.778" classname="com.demo.api.cucumber.stepsDefinition.CommonRunner"/>
  <system-out/>
</testsuite> <!-- com.demo.api.cucumber.stepsDefinition.CommonRunner -->
